  [1m[36m (0.0ms)[0m  [1mselect sqlite_version(*)[0m
  [1m[35m (8.0ms)[0m  CREATE TABLE "schema_migrations" ("version" varchar(255) NOT NULL) 
  [1m[36m (0.0ms)[0m  [1mPRAGMA index_list("schema_migrations")[0m
  [1m[35m (12.0ms)[0m  CREATE UNIQUE INDEX "unique_schema_migrations" ON "schema_migrations" ("version")
  [1m[36m (1.0ms)[0m  [1mselect sqlite_version(*)[0m
  [1m[35m (0.0ms)[0m  SELECT "schema_migrations"."version" FROM "schema_migrations" 
  [1m[36m (0.0ms)[0m  [1mSELECT "schema_migrations"."version" FROM "schema_migrations" [0m
  [1m[35m (0.0ms)[0m  select sqlite_version(*)
  [1m[36m (4.0ms)[0m  [1mCREATE TABLE "schema_migrations" ("version" varchar(255) NOT NULL) [0m
  [1m[35m (0.0ms)[0m  PRAGMA index_list("schema_migrations")
  [1m[36m (5.0ms)[0m  [1mCREATE UNIQUE INDEX "unique_schema_migrations" ON "schema_migrations" ("version")[0m
  [1m[35m (1.0ms)[0m  SELECT version FROM "schema_migrations"
  [1m[36m (4.0ms)[0m  [1mINSERT INTO "schema_migrations" (version) VALUES ('0')[0m
  [1m[36m (0.0ms)[0m  [1mSELECT "schema_migrations"."version" FROM "schema_migrations" [0m
  [1m[35m (0.0ms)[0m  select sqlite_version(*)
  [1m[36m (3.0ms)[0m  [1mCREATE TABLE "schema_migrations" ("version" varchar(255) NOT NULL) [0m
  [1m[35m (0.0ms)[0m  PRAGMA index_list("schema_migrations")
  [1m[36m (3.0ms)[0m  [1mCREATE UNIQUE INDEX "unique_schema_migrations" ON "schema_migrations" ("version")[0m
  [1m[35m (0.0ms)[0m  SELECT version FROM "schema_migrations"
  [1m[36m (2.0ms)[0m  [1mINSERT INTO "schema_migrations" (version) VALUES ('0')[0m
  [1m[36m (0.0ms)[0m  [1mSELECT "schema_migrations"."version" FROM "schema_migrations" [0m
  [1m[35m (0.0ms)[0m  select sqlite_version(*)
  [1m[36m (4.0ms)[0m  [1mCREATE TABLE "schema_migrations" ("version" varchar(255) NOT NULL) [0m
  [1m[35m (0.0ms)[0m  PRAGMA index_list("schema_migrations")
  [1m[36m (9.0ms)[0m  [1mCREATE UNIQUE INDEX "unique_schema_migrations" ON "schema_migrations" ("version")[0m
  [1m[35m (1.0ms)[0m  SELECT version FROM "schema_migrations"
  [1m[36m (5.0ms)[0m  [1mINSERT INTO "schema_migrations" (version) VALUES ('0')[0m


Started GET "/books/new" for 127.0.0.1 at 2011-09-22 02:18:42 -0400
  Processing by BooksController#new as HTML
Rendered books/new.html.erb within layouts/application (93.0ms)
Compiled application.css  (0ms)  (pid 5736)
Compiled application.js  (8ms)  (pid 5736)
Compiled jquery.js  (9ms)  (pid 5736)
Compiled jquery_ujs.js  (0ms)  (pid 5736)
Completed 200 OK in 563ms (Views: 562.0ms | ActiveRecord: 0.0ms)
  [1m[36m (0.0ms)[0m  [1mSELECT "schema_migrations"."version" FROM "schema_migrations" [0m
  [1m[35m (0.0ms)[0m  select sqlite_version(*)
  [1m[36m (3.0ms)[0m  [1mCREATE TABLE "schema_migrations" ("version" varchar(255) NOT NULL) [0m
  [1m[35m (0.0ms)[0m  PRAGMA index_list("schema_migrations")
  [1m[36m (3.0ms)[0m  [1mCREATE UNIQUE INDEX "unique_schema_migrations" ON "schema_migrations" ("version")[0m
  [1m[35m (0.0ms)[0m  SELECT version FROM "schema_migrations"
  [1m[36m (3.0ms)[0m  [1mINSERT INTO "schema_migrations" (version) VALUES ('0')[0m


Started GET "/books/new" for 127.0.0.1 at 2011-09-22 02:31:56 -0400
  Processing by BooksController#new as HTML
Rendered books/new.html.erb within layouts/application (69.0ms)
Completed 200 OK in 399ms (Views: 398.0ms | ActiveRecord: 0.0ms)
  [1m[36m (0.0ms)[0m  [1mSELECT "schema_migrations"."version" FROM "schema_migrations" [0m
  [1m[35m (0.0ms)[0m  select sqlite_version(*)
  [1m[36m (6.0ms)[0m  [1mCREATE TABLE "schema_migrations" ("version" varchar(255) NOT NULL) [0m
  [1m[35m (1.0ms)[0m  PRAGMA index_list("schema_migrations")
  [1m[36m (8.0ms)[0m  [1mCREATE UNIQUE INDEX "unique_schema_migrations" ON "schema_migrations" ("version")[0m
  [1m[35m (0.0ms)[0m  SELECT version FROM "schema_migrations"
  [1m[36m (4.0ms)[0m  [1mINSERT INTO "schema_migrations" (version) VALUES ('0')[0m
  [1m[36m (0.0ms)[0m  [1mSELECT "schema_migrations"."version" FROM "schema_migrations" [0m
  [1m[35m (1.0ms)[0m  select sqlite_version(*)
  [1m[36m (7.0ms)[0m  [1mCREATE TABLE "schema_migrations" ("version" varchar(255) NOT NULL) [0m
  [1m[35m (0.0ms)[0m  PRAGMA index_list("schema_migrations")
  [1m[36m (6.0ms)[0m  [1mCREATE UNIQUE INDEX "unique_schema_migrations" ON "schema_migrations" ("version")[0m
  [1m[35m (0.0ms)[0m  SELECT version FROM "schema_migrations"
  [1m[36m (7.0ms)[0m  [1mINSERT INTO "schema_migrations" (version) VALUES ('0')[0m
  [1m[36m (0.0ms)[0m  [1mSELECT "schema_migrations"."version" FROM "schema_migrations" [0m
  [1m[35m (0.0ms)[0m  SELECT version FROM "schema_migrations"
  [1m[36m (0.0ms)[0m  [1mSELECT "schema_migrations"."version" FROM "schema_migrations" [0m
  [1m[35m (0.0ms)[0m  SELECT version FROM "schema_migrations"


Started GET "/books/new" for 127.0.0.1 at 2011-09-22 02:54:09 -0400
  Processing by BooksController#new as HTML
Rendered books/new.html.erb within layouts/application (63.0ms)
Completed 200 OK in 309ms (Views: 309.0ms | ActiveRecord: 0.0ms)
  [1m[36m (0.0ms)[0m  [1mSELECT "schema_migrations"."version" FROM "schema_migrations" [0m
  [1m[35m (0.0ms)[0m  SELECT version FROM "schema_migrations"


Started GET "/books/new" for 127.0.0.1 at 2011-09-22 02:56:48 -0400
  Processing by BooksController#new as HTML
Rendered books/new.html.erb within layouts/application (66.0ms)
Completed 200 OK in 311ms (Views: 310.0ms | ActiveRecord: 0.0ms)
  [1m[36m (0.0ms)[0m  [1mSELECT "schema_migrations"."version" FROM "schema_migrations" [0m
  [1m[35m (1.0ms)[0m  SELECT version FROM "schema_migrations"
  [1m[36m (1.0ms)[0m  [1mSELECT "schema_migrations"."version" FROM "schema_migrations" [0m
  [1m[35m (0.0ms)[0m  select sqlite_version(*)
  [1m[36m (4.0ms)[0m  [1mCREATE TABLE "schema_migrations" ("version" varchar(255) NOT NULL) [0m
  [1m[35m (1.0ms)[0m  PRAGMA index_list("schema_migrations")
  [1m[36m (7.0ms)[0m  [1mCREATE UNIQUE INDEX "unique_schema_migrations" ON "schema_migrations" ("version")[0m
  [1m[35m (1.0ms)[0m  SELECT version FROM "schema_migrations"
  [1m[36m (11.0ms)[0m  [1mINSERT INTO "schema_migrations" (version) VALUES ('0')[0m
  [1m[36m (0.0ms)[0m  [1mSELECT "schema_migrations"."version" FROM "schema_migrations" [0m
  [1m[35m (1.0ms)[0m  SELECT version FROM "schema_migrations"
  [1m[36m (0.0ms)[0m  [1mSELECT "schema_migrations"."version" FROM "schema_migrations" [0m
  [1m[35m (0.0ms)[0m  select sqlite_version(*)
  [1m[36m (3.0ms)[0m  [1mCREATE TABLE "schema_migrations" ("version" varchar(255) NOT NULL) [0m
  [1m[35m (0.0ms)[0m  PRAGMA index_list("schema_migrations")
  [1m[36m (4.0ms)[0m  [1mCREATE UNIQUE INDEX "unique_schema_migrations" ON "schema_migrations" ("version")[0m
  [1m[35m (0.0ms)[0m  SELECT version FROM "schema_migrations"
  [1m[36m (3.0ms)[0m  [1mINSERT INTO "schema_migrations" (version) VALUES ('0')[0m


Started GET "/books/new" for 127.0.0.1 at 2011-09-22 03:12:59 -0400
  Processing by BooksController#new as HTML
Rendered books/new.html.erb within layouts/application (63.0ms)
Completed 200 OK in 304ms (Views: 303.0ms | ActiveRecord: 0.0ms)
  [1m[36m (0.0ms)[0m  [1mSELECT "schema_migrations"."version" FROM "schema_migrations" [0m
  [1m[35m (0.0ms)[0m  select sqlite_version(*)
  [1m[36m (6.0ms)[0m  [1mCREATE TABLE "schema_migrations" ("version" varchar(255) NOT NULL) [0m
  [1m[35m (0.0ms)[0m  PRAGMA index_list("schema_migrations")
  [1m[36m (8.0ms)[0m  [1mCREATE UNIQUE INDEX "unique_schema_migrations" ON "schema_migrations" ("version")[0m
  [1m[35m (1.0ms)[0m  SELECT version FROM "schema_migrations"
  [1m[36m (3.0ms)[0m  [1mINSERT INTO "schema_migrations" (version) VALUES ('0')[0m


Started GET "/books/new" for 127.0.0.1 at 2011-09-22 03:14:45 -0400
  Processing by BooksController#new as HTML
Rendered books/new.html.erb within layouts/application (77.0ms)
Completed 200 OK in 317ms (Views: 317.0ms | ActiveRecord: 0.0ms)
  [1m[36m (0.0ms)[0m  [1mSELECT "schema_migrations"."version" FROM "schema_migrations" [0m
  [1m[35m (0.0ms)[0m  select sqlite_version(*)
  [1m[36m (3.0ms)[0m  [1mCREATE TABLE "schema_migrations" ("version" varchar(255) NOT NULL) [0m
  [1m[35m (0.0ms)[0m  PRAGMA index_list("schema_migrations")
  [1m[36m (4.0ms)[0m  [1mCREATE UNIQUE INDEX "unique_schema_migrations" ON "schema_migrations" ("version")[0m
  [1m[35m (1.0ms)[0m  SELECT version FROM "schema_migrations"
  [1m[36m (2.0ms)[0m  [1mINSERT INTO "schema_migrations" (version) VALUES ('0')[0m


Started GET "/books/new" for 127.0.0.1 at 2011-09-22 03:17:47 -0400
  Processing by BooksController#new as HTML
Rendered books/new.html.erb within layouts/application (85.0ms)
Completed 200 OK in 342ms (Views: 342.0ms | ActiveRecord: 0.0ms)
  [1m[36m (0.0ms)[0m  [1mSELECT "schema_migrations"."version" FROM "schema_migrations" [0m
  [1m[35m (0.0ms)[0m  select sqlite_version(*)
  [1m[36m (4.0ms)[0m  [1mCREATE TABLE "schema_migrations" ("version" varchar(255) NOT NULL) [0m
  [1m[35m (0.0ms)[0m  PRAGMA index_list("schema_migrations")
  [1m[36m (7.0ms)[0m  [1mCREATE UNIQUE INDEX "unique_schema_migrations" ON "schema_migrations" ("version")[0m
  [1m[35m (0.0ms)[0m  SELECT version FROM "schema_migrations"
  [1m[36m (3.0ms)[0m  [1mINSERT INTO "schema_migrations" (version) VALUES ('0')[0m


Started GET "/books/new" for 127.0.0.1 at 2011-09-22 03:33:26 -0400
  Processing by BooksController#new as HTML
Rendered books/new.html.erb within layouts/application (67.0ms)
Completed 200 OK in 319ms (Views: 318.0ms | ActiveRecord: 0.0ms)
  [1m[36m (0.0ms)[0m  [1mSELECT "schema_migrations"."version" FROM "schema_migrations" [0m
  [1m[35m (0.0ms)[0m  select sqlite_version(*)
  [1m[36m (4.0ms)[0m  [1mCREATE TABLE "schema_migrations" ("version" varchar(255) NOT NULL) [0m
  [1m[35m (0.0ms)[0m  PRAGMA index_list("schema_migrations")
  [1m[36m (7.0ms)[0m  [1mCREATE UNIQUE INDEX "unique_schema_migrations" ON "schema_migrations" ("version")[0m
  [1m[35m (0.0ms)[0m  SELECT version FROM "schema_migrations"
  [1m[36m (4.0ms)[0m  [1mINSERT INTO "schema_migrations" (version) VALUES ('0')[0m


Started GET "/books/new" for 127.0.0.1 at 2011-09-22 03:36:10 -0400
  Processing by BooksController#new as HTML
Rendered books/new.html.erb within layouts/application (73.0ms)
Completed 200 OK in 326ms (Views: 326.0ms | ActiveRecord: 0.0ms)
  [1m[36m (1.0ms)[0m  [1mSELECT "schema_migrations"."version" FROM "schema_migrations" [0m
  [1m[35m (0.0ms)[0m  select sqlite_version(*)
  [1m[36m (4.0ms)[0m  [1mCREATE TABLE "schema_migrations" ("version" varchar(255) NOT NULL) [0m
  [1m[35m (1.0ms)[0m  PRAGMA index_list("schema_migrations")
  [1m[36m (8.0ms)[0m  [1mCREATE UNIQUE INDEX "unique_schema_migrations" ON "schema_migrations" ("version")[0m
  [1m[35m (0.0ms)[0m  SELECT version FROM "schema_migrations"
  [1m[36m (5.0ms)[0m  [1mINSERT INTO "schema_migrations" (version) VALUES ('0')[0m
  [1m[36m (0.0ms)[0m  [1mSELECT "schema_migrations"."version" FROM "schema_migrations" [0m
  [1m[35m (0.0ms)[0m  select sqlite_version(*)
  [1m[36m (4.0ms)[0m  [1mCREATE TABLE "schema_migrations" ("version" varchar(255) NOT NULL) [0m
  [1m[35m (0.0ms)[0m  PRAGMA index_list("schema_migrations")
  [1m[36m (7.0ms)[0m  [1mCREATE UNIQUE INDEX "unique_schema_migrations" ON "schema_migrations" ("version")[0m
  [1m[35m (0.0ms)[0m  SELECT version FROM "schema_migrations"
  [1m[36m (3.0ms)[0m  [1mINSERT INTO "schema_migrations" (version) VALUES ('0')[0m


Started GET "/books/new" for 127.0.0.1 at 2011-09-22 03:44:32 -0400
  Processing by BooksController#new as HTML
Rendered books/new.html.erb within layouts/application (71.0ms)
Completed 200 OK in 361ms (Views: 360.0ms | ActiveRecord: 0.0ms)
  [1m[36m (0.0ms)[0m  [1mSELECT "schema_migrations"."version" FROM "schema_migrations" [0m
  [1m[35m (0.0ms)[0m  select sqlite_version(*)
  [1m[36m (3.0ms)[0m  [1mCREATE TABLE "schema_migrations" ("version" varchar(255) NOT NULL) [0m
  [1m[35m (1.0ms)[0m  PRAGMA index_list("schema_migrations")
  [1m[36m (3.0ms)[0m  [1mCREATE UNIQUE INDEX "unique_schema_migrations" ON "schema_migrations" ("version")[0m
  [1m[35m (0.0ms)[0m  SELECT version FROM "schema_migrations"
  [1m[36m (2.0ms)[0m  [1mINSERT INTO "schema_migrations" (version) VALUES ('0')[0m


Started GET "/books/new" for 127.0.0.1 at 2011-09-22 03:54:38 -0400
  Processing by BooksController#new as HTML
Rendered books/new.html.erb within layouts/application (66.0ms)
Completed 200 OK in 346ms (Views: 346.0ms | ActiveRecord: 0.0ms)
  [1m[36m (0.1ms)[0m  [1mSELECT "schema_migrations"."version" FROM "schema_migrations" [0m
  [1m[35m (0.1ms)[0m  select sqlite_version(*)
  [1m[36m (90.7ms)[0m  [1mCREATE TABLE "schema_migrations" ("version" varchar(255) NOT NULL) [0m
  [1m[35m (0.1ms)[0m  PRAGMA index_list("schema_migrations")
  [1m[36m (69.6ms)[0m  [1mCREATE UNIQUE INDEX "unique_schema_migrations" ON "schema_migrations" ("version")[0m
  [1m[35m (0.1ms)[0m  SELECT version FROM "schema_migrations"
  [1m[36m (83.4ms)[0m  [1mINSERT INTO "schema_migrations" (version) VALUES ('0')[0m
  [1m[36m (0.1ms)[0m  [1mSELECT "schema_migrations"."version" FROM "schema_migrations" [0m
  [1m[35m (0.1ms)[0m  select sqlite_version(*)
  [1m[36m (84.5ms)[0m  [1mCREATE TABLE "schema_migrations" ("version" varchar(255) NOT NULL) [0m
  [1m[35m (0.1ms)[0m  PRAGMA index_list("schema_migrations")
  [1m[36m (57.8ms)[0m  [1mCREATE UNIQUE INDEX "unique_schema_migrations" ON "schema_migrations" ("version")[0m
  [1m[35m (0.1ms)[0m  SELECT version FROM "schema_migrations"
  [1m[36m (55.5ms)[0m  [1mINSERT INTO "schema_migrations" (version) VALUES ('0')[0m
  [1m[36m (0.1ms)[0m  [1mSELECT "schema_migrations"."version" FROM "schema_migrations" [0m
  [1m[35m (0.1ms)[0m  select sqlite_version(*)
  [1m[36m (90.2ms)[0m  [1mCREATE TABLE "schema_migrations" ("version" varchar(255) NOT NULL) [0m
  [1m[35m (0.1ms)[0m  PRAGMA index_list("schema_migrations")
  [1m[36m (50.0ms)[0m  [1mCREATE UNIQUE INDEX "unique_schema_migrations" ON "schema_migrations" ("version")[0m
  [1m[35m (0.1ms)[0m  SELECT version FROM "schema_migrations"
  [1m[36m (57.2ms)[0m  [1mINSERT INTO "schema_migrations" (version) VALUES ('0')[0m
  [1m[36m (0.1ms)[0m  [1mSELECT "schema_migrations"."version" FROM "schema_migrations" [0m
  [1m[35m (0.1ms)[0m  select sqlite_version(*)
  [1m[36m (173.9ms)[0m  [1mCREATE TABLE "schema_migrations" ("version" varchar(255) NOT NULL) [0m
  [1m[35m (0.1ms)[0m  PRAGMA index_list("schema_migrations")
  [1m[36m (83.0ms)[0m  [1mCREATE UNIQUE INDEX "unique_schema_migrations" ON "schema_migrations" ("version")[0m
  [1m[35m (0.1ms)[0m  SELECT version FROM "schema_migrations"
  [1m[36m (156.8ms)[0m  [1mINSERT INTO "schema_migrations" (version) VALUES ('0')[0m
  [1m[36m (0.1ms)[0m  [1mSELECT "schema_migrations"."version" FROM "schema_migrations" [0m
  [1m[35m (0.1ms)[0m  select sqlite_version(*)
  [1m[36m (100.1ms)[0m  [1mCREATE TABLE "schema_migrations" ("version" varchar(255) NOT NULL) [0m
  [1m[35m (0.1ms)[0m  PRAGMA index_list("schema_migrations")
  [1m[36m (47.5ms)[0m  [1mCREATE UNIQUE INDEX "unique_schema_migrations" ON "schema_migrations" ("version")[0m
  [1m[35m (0.1ms)[0m  SELECT version FROM "schema_migrations"
  [1m[36m (61.5ms)[0m  [1mINSERT INTO "schema_migrations" (version) VALUES ('0')[0m


Started GET "/books/new" for 127.0.0.1 at 2011-09-22 09:51:04 -0400
  Processing by BooksController#new as HTML
Rendered books/new.html.erb within layouts/application (35.1ms)
Compiled application.js  (3ms)  (pid 23781)
Compiled jquery.js  (2ms)  (pid 23781)
Compiled jquery_ujs.js  (0ms)  (pid 23781)
Completed 200 OK in 183ms (Views: 182.2ms | ActiveRecord: 0.0ms)
  [1m[36m (0.2ms)[0m  [1mSELECT "schema_migrations"."version" FROM "schema_migrations" [0m
  [1m[35m (0.1ms)[0m  select sqlite_version(*)
  [1m[36m (72.9ms)[0m  [1mCREATE TABLE "schema_migrations" ("version" varchar(255) NOT NULL) [0m
  [1m[35m (0.1ms)[0m  PRAGMA index_list("schema_migrations")
  [1m[36m (43.6ms)[0m  [1mCREATE UNIQUE INDEX "unique_schema_migrations" ON "schema_migrations" ("version")[0m
  [1m[35m (0.1ms)[0m  SELECT version FROM "schema_migrations"
  [1m[36m (56.9ms)[0m  [1mINSERT INTO "schema_migrations" (version) VALUES ('0')[0m


Started GET "/books/new" for 127.0.0.1 at 2011-09-22 09:54:08 -0400
  Processing by BooksController#new as HTML
Rendered books/new.html.erb within layouts/application (29.6ms)
Completed 200 OK in 148ms (Views: 147.4ms | ActiveRecord: 0.0ms)
  [1m[36m (0.1ms)[0m  [1mSELECT "schema_migrations"."version" FROM "schema_migrations" [0m
  [1m[35m (0.1ms)[0m  select sqlite_version(*)
  [1m[36m (120.0ms)[0m  [1mCREATE TABLE "schema_migrations" ("version" varchar(255) NOT NULL) [0m
  [1m[35m (0.1ms)[0m  PRAGMA index_list("schema_migrations")
  [1m[36m (85.4ms)[0m  [1mCREATE UNIQUE INDEX "unique_schema_migrations" ON "schema_migrations" ("version")[0m
  [1m[35m (0.1ms)[0m  SELECT version FROM "schema_migrations"
  [1m[36m (150.1ms)[0m  [1mINSERT INTO "schema_migrations" (version) VALUES ('0')[0m


Started GET "/books/new" for 127.0.0.1 at 2011-09-22 10:04:25 -0400
  Processing by BooksController#new as HTML
Rendered books/new.html.erb within layouts/application (38.3ms)
Completed 200 OK in 164ms (Views: 163.8ms | ActiveRecord: 0.0ms)
  [1m[36m (0.1ms)[0m  [1mSELECT "schema_migrations"."version" FROM "schema_migrations" [0m
  [1m[35m (0.1ms)[0m  select sqlite_version(*)
  [1m[36m (208.2ms)[0m  [1mCREATE TABLE "schema_migrations" ("version" varchar(255) NOT NULL) [0m
  [1m[35m (0.1ms)[0m  PRAGMA index_list("schema_migrations")
  [1m[36m (142.9ms)[0m  [1mCREATE UNIQUE INDEX "unique_schema_migrations" ON "schema_migrations" ("version")[0m
  [1m[35m (0.1ms)[0m  SELECT version FROM "schema_migrations"
  [1m[36m (128.6ms)[0m  [1mINSERT INTO "schema_migrations" (version) VALUES ('0')[0m


Started GET "/books/new" for 127.0.0.1 at 2011-09-22 10:08:44 -0400
  Processing by BooksController#new as HTML
Rendered books/new.html.erb within layouts/application (32.0ms)
Completed 200 OK in 161ms (Views: 160.6ms | ActiveRecord: 0.0ms)
  [1m[36m (0.1ms)[0m  [1mSELECT "schema_migrations"."version" FROM "schema_migrations" [0m
  [1m[35m (0.1ms)[0m  select sqlite_version(*)
  [1m[36m (93.8ms)[0m  [1mCREATE TABLE "schema_migrations" ("version" varchar(255) NOT NULL) [0m
  [1m[35m (0.1ms)[0m  PRAGMA index_list("schema_migrations")
  [1m[36m (48.7ms)[0m  [1mCREATE UNIQUE INDEX "unique_schema_migrations" ON "schema_migrations" ("version")[0m
  [1m[35m (0.1ms)[0m  SELECT version FROM "schema_migrations"
  [1m[36m (53.5ms)[0m  [1mINSERT INTO "schema_migrations" (version) VALUES ('0')[0m


Started GET "/books/new" for 127.0.0.1 at 2011-09-22 10:28:36 -0400
  Processing by BooksController#new as HTML
Rendered books/new.html.erb within layouts/application (29.7ms)
Completed 200 OK in 142ms (Views: 141.0ms | ActiveRecord: 0.0ms)
  [1m[36m (0.1ms)[0m  [1mSELECT "schema_migrations"."version" FROM "schema_migrations" [0m
  [1m[35m (0.1ms)[0m  select sqlite_version(*)
  [1m[36m (174.2ms)[0m  [1mCREATE TABLE "schema_migrations" ("version" varchar(255) NOT NULL) [0m
  [1m[35m (0.1ms)[0m  PRAGMA index_list("schema_migrations")
  [1m[36m (59.0ms)[0m  [1mCREATE UNIQUE INDEX "unique_schema_migrations" ON "schema_migrations" ("version")[0m
  [1m[35m (0.1ms)[0m  SELECT version FROM "schema_migrations"
  [1m[36m (124.0ms)[0m  [1mINSERT INTO "schema_migrations" (version) VALUES ('0')[0m


Started GET "/books/new" for 127.0.0.1 at 2011-09-22 13:15:37 -0400
  Processing by BooksController#new as HTML
Rendered books/new.html.erb within layouts/application (32.4ms)
Completed 200 OK in 161ms (Views: 160.2ms | ActiveRecord: 0.0ms)
  [1m[36m (0.1ms)[0m  [1mSELECT "schema_migrations"."version" FROM "schema_migrations" [0m
  [1m[35m (0.1ms)[0m  select sqlite_version(*)
  [1m[36m (88.3ms)[0m  [1mCREATE TABLE "schema_migrations" ("version" varchar(255) NOT NULL) [0m
  [1m[35m (0.1ms)[0m  PRAGMA index_list("schema_migrations")
  [1m[36m (57.4ms)[0m  [1mCREATE UNIQUE INDEX "unique_schema_migrations" ON "schema_migrations" ("version")[0m
  [1m[35m (0.1ms)[0m  SELECT version FROM "schema_migrations"
  [1m[36m (65.9ms)[0m  [1mINSERT INTO "schema_migrations" (version) VALUES ('0')[0m


Started GET "/books/new" for 127.0.0.1 at 2011-09-22 18:31:31 -0400
  Processing by BooksController#new as HTML
Rendered books/new.html.erb within layouts/application (26.8ms)
Completed 200 OK in 147ms (Views: 146.5ms | ActiveRecord: 0.0ms)
  [1m[36m (0.1ms)[0m  [1mSELECT "schema_migrations"."version" FROM "schema_migrations" [0m
  [1m[35m (0.1ms)[0m  select sqlite_version(*)
  [1m[36m (105.3ms)[0m  [1mCREATE TABLE "schema_migrations" ("version" varchar(255) NOT NULL) [0m
  [1m[35m (0.1ms)[0m  PRAGMA index_list("schema_migrations")
  [1m[36m (102.7ms)[0m  [1mCREATE UNIQUE INDEX "unique_schema_migrations" ON "schema_migrations" ("version")[0m
  [1m[35m (0.1ms)[0m  SELECT version FROM "schema_migrations"
  [1m[36m (48.9ms)[0m  [1mINSERT INTO "schema_migrations" (version) VALUES ('0')[0m
  [1m[36m (0.1ms)[0m  [1mSELECT "schema_migrations"."version" FROM "schema_migrations" [0m
  [1m[35m (0.1ms)[0m  select sqlite_version(*)
  [1m[36m (82.3ms)[0m  [1mCREATE TABLE "schema_migrations" ("version" varchar(255) NOT NULL) [0m
  [1m[35m (0.1ms)[0m  PRAGMA index_list("schema_migrations")
  [1m[36m (116.8ms)[0m  [1mCREATE UNIQUE INDEX "unique_schema_migrations" ON "schema_migrations" ("version")[0m
  [1m[35m (0.1ms)[0m  SELECT version FROM "schema_migrations"
  [1m[36m (127.6ms)[0m  [1mINSERT INTO "schema_migrations" (version) VALUES ('0')[0m
  [1m[36m (0.1ms)[0m  [1mSELECT "schema_migrations"."version" FROM "schema_migrations" [0m
  [1m[35m (0.1ms)[0m  select sqlite_version(*)
  [1m[36m (94.5ms)[0m  [1mCREATE TABLE "schema_migrations" ("version" varchar(255) NOT NULL) [0m
  [1m[35m (0.1ms)[0m  PRAGMA index_list("schema_migrations")
  [1m[36m (107.8ms)[0m  [1mCREATE UNIQUE INDEX "unique_schema_migrations" ON "schema_migrations" ("version")[0m
  [1m[35m (0.1ms)[0m  SELECT version FROM "schema_migrations"
  [1m[36m (111.5ms)[0m  [1mINSERT INTO "schema_migrations" (version) VALUES ('0')[0m
  [1m[36m (0.1ms)[0m  [1mSELECT "schema_migrations"."version" FROM "schema_migrations" [0m
  [1m[35m (0.1ms)[0m  select sqlite_version(*)
  [1m[36m (133.9ms)[0m  [1mCREATE TABLE "schema_migrations" ("version" varchar(255) NOT NULL) [0m
  [1m[35m (0.1ms)[0m  PRAGMA index_list("schema_migrations")
  [1m[36m (84.1ms)[0m  [1mCREATE UNIQUE INDEX "unique_schema_migrations" ON "schema_migrations" ("version")[0m
  [1m[35m (0.1ms)[0m  SELECT version FROM "schema_migrations"
  [1m[36m (49.1ms)[0m  [1mINSERT INTO "schema_migrations" (version) VALUES ('0')[0m
  [1m[36m (0.2ms)[0m  [1mSELECT "schema_migrations"."version" FROM "schema_migrations" [0m
  [1m[35m (0.1ms)[0m  select sqlite_version(*)
  [1m[36m (136.5ms)[0m  [1mCREATE TABLE "schema_migrations" ("version" varchar(255) NOT NULL) [0m
  [1m[35m (0.1ms)[0m  PRAGMA index_list("schema_migrations")
  [1m[36m (115.8ms)[0m  [1mCREATE UNIQUE INDEX "unique_schema_migrations" ON "schema_migrations" ("version")[0m
  [1m[35m (0.1ms)[0m  SELECT version FROM "schema_migrations"
  [1m[36m (120.5ms)[0m  [1mINSERT INTO "schema_migrations" (version) VALUES ('0')[0m
  [1m[36m (0.1ms)[0m  [1mSELECT "schema_migrations"."version" FROM "schema_migrations" [0m
  [1m[35m (0.1ms)[0m  select sqlite_version(*)
  [1m[36m (97.7ms)[0m  [1mCREATE TABLE "schema_migrations" ("version" varchar(255) NOT NULL) [0m
  [1m[35m (0.1ms)[0m  PRAGMA index_list("schema_migrations")
  [1m[36m (58.1ms)[0m  [1mCREATE UNIQUE INDEX "unique_schema_migrations" ON "schema_migrations" ("version")[0m
  [1m[35m (0.1ms)[0m  SELECT version FROM "schema_migrations"
  [1m[36m (56.7ms)[0m  [1mINSERT INTO "schema_migrations" (version) VALUES ('0')[0m
  [1m[36m (0.1ms)[0m  [1mSELECT "schema_migrations"."version" FROM "schema_migrations" [0m
  [1m[35m (0.1ms)[0m  select sqlite_version(*)
  [1m[36m (96.4ms)[0m  [1mCREATE TABLE "schema_migrations" ("version" varchar(255) NOT NULL) [0m
  [1m[35m (0.1ms)[0m  PRAGMA index_list("schema_migrations")
  [1m[36m (60.2ms)[0m  [1mCREATE UNIQUE INDEX "unique_schema_migrations" ON "schema_migrations" ("version")[0m
  [1m[35m (0.1ms)[0m  SELECT version FROM "schema_migrations"
  [1m[36m (69.3ms)[0m  [1mINSERT INTO "schema_migrations" (version) VALUES ('0')[0m
  [1m[36m (0.1ms)[0m  [1mSELECT "schema_migrations"."version" FROM "schema_migrations" [0m
  [1m[35m (0.1ms)[0m  select sqlite_version(*)
  [1m[36m (73.0ms)[0m  [1mCREATE TABLE "schema_migrations" ("version" varchar(255) NOT NULL) [0m
  [1m[35m (0.1ms)[0m  PRAGMA index_list("schema_migrations")
  [1m[36m (38.5ms)[0m  [1mCREATE UNIQUE INDEX "unique_schema_migrations" ON "schema_migrations" ("version")[0m
  [1m[35m (0.1ms)[0m  SELECT version FROM "schema_migrations"
  [1m[36m (82.0ms)[0m  [1mINSERT INTO "schema_migrations" (version) VALUES ('0')[0m
  [1m[36m (0.1ms)[0m  [1mSELECT "schema_migrations"."version" FROM "schema_migrations" [0m
  [1m[35m (0.1ms)[0m  select sqlite_version(*)
  [1m[36m (105.1ms)[0m  [1mCREATE TABLE "schema_migrations" ("version" varchar(255) NOT NULL) [0m
  [1m[35m (0.1ms)[0m  PRAGMA index_list("schema_migrations")
  [1m[36m (56.2ms)[0m  [1mCREATE UNIQUE INDEX "unique_schema_migrations" ON "schema_migrations" ("version")[0m
  [1m[35m (0.1ms)[0m  SELECT version FROM "schema_migrations"
  [1m[36m (60.4ms)[0m  [1mINSERT INTO "schema_migrations" (version) VALUES ('0')[0m
  [1m[36m (0.1ms)[0m  [1mSELECT "schema_migrations"."version" FROM "schema_migrations" [0m
  [1m[35m (0.1ms)[0m  select sqlite_version(*)
  [1m[36m (13.6ms)[0m  [1mCREATE TABLE "schema_migrations" ("version" varchar(255) NOT NULL) [0m
  [1m[35m (0.1ms)[0m  PRAGMA index_list("schema_migrations")
  [1m[36m (1.6ms)[0m  [1mCREATE UNIQUE INDEX "unique_schema_migrations" ON "schema_migrations" ("version")[0m
  [1m[35m (0.1ms)[0m  SELECT version FROM "schema_migrations"
  [1m[36m (1.3ms)[0m  [1mINSERT INTO "schema_migrations" (version) VALUES ('0')[0m
  [1m[36m (0.1ms)[0m  [1mSELECT "schema_migrations"."version" FROM "schema_migrations" [0m
  [1m[35m (0.1ms)[0m  select sqlite_version(*)
  [1m[36m (3.5ms)[0m  [1mCREATE TABLE "schema_migrations" ("version" varchar(255) NOT NULL) [0m
  [1m[35m (0.0ms)[0m  PRAGMA index_list("schema_migrations")
  [1m[36m (1.5ms)[0m  [1mCREATE UNIQUE INDEX "unique_schema_migrations" ON "schema_migrations" ("version")[0m
  [1m[35m (0.1ms)[0m  SELECT version FROM "schema_migrations"
  [1m[36m (1.1ms)[0m  [1mINSERT INTO "schema_migrations" (version) VALUES ('0')[0m
  [1m[36m (0.1ms)[0m  [1mSELECT "schema_migrations"."version" FROM "schema_migrations" [0m
  [1m[35m (0.1ms)[0m  select sqlite_version(*)
  [1m[36m (3.0ms)[0m  [1mCREATE TABLE "schema_migrations" ("version" varchar(255) NOT NULL) [0m
  [1m[35m (0.1ms)[0m  PRAGMA index_list("schema_migrations")
  [1m[36m (1.4ms)[0m  [1mCREATE UNIQUE INDEX "unique_schema_migrations" ON "schema_migrations" ("version")[0m
  [1m[35m (0.1ms)[0m  SELECT version FROM "schema_migrations"
  [1m[36m (1.2ms)[0m  [1mINSERT INTO "schema_migrations" (version) VALUES ('0')[0m
  [1m[36m (0.1ms)[0m  [1mSELECT "schema_migrations"."version" FROM "schema_migrations" [0m
  [1m[35m (0.1ms)[0m  select sqlite_version(*)
  [1m[36m (3.1ms)[0m  [1mCREATE TABLE "schema_migrations" ("version" varchar(255) NOT NULL) [0m
  [1m[35m (0.0ms)[0m  PRAGMA index_list("schema_migrations")
  [1m[36m (1.4ms)[0m  [1mCREATE UNIQUE INDEX "unique_schema_migrations" ON "schema_migrations" ("version")[0m
  [1m[35m (0.1ms)[0m  SELECT version FROM "schema_migrations"
  [1m[36m (1.6ms)[0m  [1mINSERT INTO "schema_migrations" (version) VALUES ('0')[0m
  [1m[36m (0.2ms)[0m  [1mSELECT "schema_migrations"."version" FROM "schema_migrations" [0m
  [1m[35m (0.1ms)[0m  select sqlite_version(*)
  [1m[36m (4.5ms)[0m  [1mCREATE TABLE "schema_migrations" ("version" varchar(255) NOT NULL) [0m
  [1m[35m (0.1ms)[0m  PRAGMA index_list("schema_migrations")
  [1m[36m (1.8ms)[0m  [1mCREATE UNIQUE INDEX "unique_schema_migrations" ON "schema_migrations" ("version")[0m
  [1m[35m (0.1ms)[0m  SELECT version FROM "schema_migrations"
  [1m[36m (9.0ms)[0m  [1mINSERT INTO "schema_migrations" (version) VALUES ('0')[0m
  [1m[36m (0.1ms)[0m  [1mSELECT "schema_migrations"."version" FROM "schema_migrations" [0m
  [1m[35m (0.1ms)[0m  select sqlite_version(*)
  [1m[36m (2.3ms)[0m  [1mCREATE TABLE "schema_migrations" ("version" varchar(255) NOT NULL) [0m
  [1m[35m (0.0ms)[0m  PRAGMA index_list("schema_migrations")
  [1m[36m (1.3ms)[0m  [1mCREATE UNIQUE INDEX "unique_schema_migrations" ON "schema_migrations" ("version")[0m
  [1m[35m (0.1ms)[0m  SELECT version FROM "schema_migrations"
  [1m[36m (1.2ms)[0m  [1mINSERT INTO "schema_migrations" (version) VALUES ('0')[0m
  [1m[36m (0.1ms)[0m  [1mSELECT "schema_migrations"."version" FROM "schema_migrations" [0m
  [1m[35m (0.1ms)[0m  select sqlite_version(*)
  [1m[36m (2.2ms)[0m  [1mCREATE TABLE "schema_migrations" ("version" varchar(255) NOT NULL) [0m
  [1m[35m (0.0ms)[0m  PRAGMA index_list("schema_migrations")
  [1m[36m (1.2ms)[0m  [1mCREATE UNIQUE INDEX "unique_schema_migrations" ON "schema_migrations" ("version")[0m
  [1m[35m (0.1ms)[0m  SELECT version FROM "schema_migrations"
  [1m[36m (1.1ms)[0m  [1mINSERT INTO "schema_migrations" (version) VALUES ('0')[0m
  [1m[36m (0.1ms)[0m  [1mSELECT "schema_migrations"."version" FROM "schema_migrations" [0m
  [1m[35m (0.1ms)[0m  select sqlite_version(*)
  [1m[36m (2.1ms)[0m  [1mCREATE TABLE "schema_migrations" ("version" varchar(255) NOT NULL) [0m
  [1m[35m (0.0ms)[0m  PRAGMA index_list("schema_migrations")
  [1m[36m (1.1ms)[0m  [1mCREATE UNIQUE INDEX "unique_schema_migrations" ON "schema_migrations" ("version")[0m
  [1m[35m (0.1ms)[0m  SELECT version FROM "schema_migrations"
  [1m[36m (1.1ms)[0m  [1mINSERT INTO "schema_migrations" (version) VALUES ('0')[0m
  [1m[36m (0.1ms)[0m  [1mSELECT "schema_migrations"."version" FROM "schema_migrations" [0m
  [1m[35m (0.1ms)[0m  select sqlite_version(*)
  [1m[36m (2.1ms)[0m  [1mCREATE TABLE "schema_migrations" ("version" varchar(255) NOT NULL) [0m
  [1m[35m (0.0ms)[0m  PRAGMA index_list("schema_migrations")
  [1m[36m (1.2ms)[0m  [1mCREATE UNIQUE INDEX "unique_schema_migrations" ON "schema_migrations" ("version")[0m
  [1m[35m (0.1ms)[0m  SELECT version FROM "schema_migrations"
  [1m[36m (1.2ms)[0m  [1mINSERT INTO "schema_migrations" (version) VALUES ('0')[0m
  [1m[36m (0.1ms)[0m  [1mSELECT "schema_migrations"."version" FROM "schema_migrations" [0m
  [1m[35m (0.1ms)[0m  select sqlite_version(*)
  [1m[36m (2.1ms)[0m  [1mCREATE TABLE "schema_migrations" ("version" varchar(255) NOT NULL) [0m
  [1m[35m (0.0ms)[0m  PRAGMA index_list("schema_migrations")
  [1m[36m (1.3ms)[0m  [1mCREATE UNIQUE INDEX "unique_schema_migrations" ON "schema_migrations" ("version")[0m
  [1m[35m (0.1ms)[0m  SELECT version FROM "schema_migrations"
  [1m[36m (1.1ms)[0m  [1mINSERT INTO "schema_migrations" (version) VALUES ('0')[0m
  [1m[36m (0.1ms)[0m  [1mSELECT "schema_migrations"."version" FROM "schema_migrations" [0m
  [1m[35m (0.1ms)[0m  select sqlite_version(*)
  [1m[36m (2.7ms)[0m  [1mCREATE TABLE "schema_migrations" ("version" varchar(255) NOT NULL) [0m
  [1m[35m (0.1ms)[0m  PRAGMA index_list("schema_migrations")
  [1m[36m (1.8ms)[0m  [1mCREATE UNIQUE INDEX "unique_schema_migrations" ON "schema_migrations" ("version")[0m
  [1m[35m (0.1ms)[0m  SELECT version FROM "schema_migrations"
  [1m[36m (1.2ms)[0m  [1mINSERT INTO "schema_migrations" (version) VALUES ('0')[0m
  [1m[36m (0.1ms)[0m  [1mSELECT "schema_migrations"."version" FROM "schema_migrations" [0m
  [1m[35m (0.1ms)[0m  select sqlite_version(*)
  [1m[36m (2.6ms)[0m  [1mCREATE TABLE "schema_migrations" ("version" varchar(255) NOT NULL) [0m
  [1m[35m (0.0ms)[0m  PRAGMA index_list("schema_migrations")
  [1m[36m (1.5ms)[0m  [1mCREATE UNIQUE INDEX "unique_schema_migrations" ON "schema_migrations" ("version")[0m
  [1m[35m (0.1ms)[0m  SELECT version FROM "schema_migrations"
  [1m[36m (1.4ms)[0m  [1mINSERT INTO "schema_migrations" (version) VALUES ('0')[0m
  [1m[36m (0.1ms)[0m  [1mSELECT "schema_migrations"."version" FROM "schema_migrations" [0m
  [1m[35m (0.1ms)[0m  select sqlite_version(*)
  [1m[36m (2.6ms)[0m  [1mCREATE TABLE "schema_migrations" ("version" varchar(255) NOT NULL) [0m
  [1m[35m (0.1ms)[0m  PRAGMA index_list("schema_migrations")
  [1m[36m (1.3ms)[0m  [1mCREATE UNIQUE INDEX "unique_schema_migrations" ON "schema_migrations" ("version")[0m
  [1m[35m (0.1ms)[0m  SELECT version FROM "schema_migrations"
  [1m[36m (1.1ms)[0m  [1mINSERT INTO "schema_migrations" (version) VALUES ('0')[0m
  [1m[36m (0.1ms)[0m  [1mSELECT "schema_migrations"."version" FROM "schema_migrations" [0m
  [1m[35m (0.0ms)[0m  select sqlite_version(*)
  [1m[36m (1.4ms)[0m  [1mCREATE TABLE "schema_migrations" ("version" varchar(255) NOT NULL) [0m
  [1m[35m (0.0ms)[0m  PRAGMA index_list("schema_migrations")
  [1m[36m (0.7ms)[0m  [1mCREATE UNIQUE INDEX "unique_schema_migrations" ON "schema_migrations" ("version")[0m
  [1m[35m (0.1ms)[0m  SELECT version FROM "schema_migrations"
  [1m[36m (0.7ms)[0m  [1mINSERT INTO "schema_migrations" (version) VALUES ('0')[0m


Started GET "/books/new" for 127.0.0.1 at 2011-10-12 01:39:20 -0400
  Processing by BooksController#new as HTML
Rendered books/new.html.erb within layouts/application (23.8ms)
Compiled application.js  (45ms)  (pid 21553)
Compiled jquery.js  (2ms)  (pid 21553)
Compiled jquery_ujs.js  (0ms)  (pid 21553)
Completed 200 OK in 170ms (Views: 169.1ms | ActiveRecord: 0.0ms)
  [1m[36m (0.1ms)[0m  [1mSELECT "schema_migrations"."version" FROM "schema_migrations" [0m
  [1m[35m (0.0ms)[0m  select sqlite_version(*)
  [1m[36m (1.8ms)[0m  [1mCREATE TABLE "schema_migrations" ("version" varchar(255) NOT NULL) [0m
  [1m[35m (0.0ms)[0m  PRAGMA index_list("schema_migrations")
  [1m[36m (1.1ms)[0m  [1mCREATE UNIQUE INDEX "unique_schema_migrations" ON "schema_migrations" ("version")[0m
  [1m[35m (0.1ms)[0m  SELECT version FROM "schema_migrations"
  [1m[36m (1.1ms)[0m  [1mINSERT INTO "schema_migrations" (version) VALUES ('0')[0m


Started GET "/books/new" for 127.0.0.1 at 2011-10-12 01:39:56 -0400
  Processing by BooksController#new as HTML
Rendered books/new.html.erb within layouts/application (18.3ms)
Completed 200 OK in 122ms (Views: 122.0ms | ActiveRecord: 0.0ms)
  [1m[36m (0.1ms)[0m  [1mSELECT "schema_migrations"."version" FROM "schema_migrations" [0m
  [1m[35m (0.0ms)[0m  select sqlite_version(*)
  [1m[36m (1.3ms)[0m  [1mCREATE TABLE "schema_migrations" ("version" varchar(255) NOT NULL) [0m
  [1m[35m (0.1ms)[0m  PRAGMA index_list("schema_migrations")
  [1m[36m (1.2ms)[0m  [1mCREATE UNIQUE INDEX "unique_schema_migrations" ON "schema_migrations" ("version")[0m
  [1m[35m (0.1ms)[0m  SELECT version FROM "schema_migrations"
  [1m[36m (1.1ms)[0m  [1mINSERT INTO "schema_migrations" (version) VALUES ('0')[0m


Started GET "/books/new" for 127.0.0.1 at 2011-10-12 01:40:43 -0400
  Processing by BooksController#new as HTML
Rendered books/new.html.erb within layouts/application (18.3ms)
Completed 200 OK in 123ms (Views: 122.4ms | ActiveRecord: 0.0ms)
  [1m[36m (0.1ms)[0m  [1mSELECT "schema_migrations"."version" FROM "schema_migrations" [0m
  [1m[35m (0.0ms)[0m  select sqlite_version(*)
  [1m[36m (1.8ms)[0m  [1mCREATE TABLE "schema_migrations" ("version" varchar(255) NOT NULL) [0m
  [1m[35m (0.0ms)[0m  PRAGMA index_list("schema_migrations")
  [1m[36m (1.2ms)[0m  [1mCREATE UNIQUE INDEX "unique_schema_migrations" ON "schema_migrations" ("version")[0m
  [1m[35m (0.1ms)[0m  SELECT version FROM "schema_migrations"
  [1m[36m (1.1ms)[0m  [1mINSERT INTO "schema_migrations" (version) VALUES ('0')[0m
  [1m[36m (0.1ms)[0m  [1mSELECT "schema_migrations"."version" FROM "schema_migrations" [0m
  [1m[35m (0.0ms)[0m  select sqlite_version(*)
  [1m[36m (1.2ms)[0m  [1mCREATE TABLE "schema_migrations" ("version" varchar(255) NOT NULL) [0m
  [1m[35m (0.0ms)[0m  PRAGMA index_list("schema_migrations")
  [1m[36m (1.2ms)[0m  [1mCREATE UNIQUE INDEX "unique_schema_migrations" ON "schema_migrations" ("version")[0m
  [1m[35m (0.1ms)[0m  SELECT version FROM "schema_migrations"
  [1m[36m (0.9ms)[0m  [1mINSERT INTO "schema_migrations" (version) VALUES ('0')[0m


Started GET "/books/new" for 127.0.0.1 at 2011-10-13 15:29:46 -0400
  Processing by BooksController#new as HTML
Rendered books/new.html.erb within layouts/application (18.1ms)
Completed 200 OK in 129ms (Views: 128.8ms | ActiveRecord: 0.0ms)
